<?xml version="1.0" encoding="UTF-8"?>
<!-- Generated by org.testng.reporters.JUnitReportReporter -->
<testsuite skipped="0" hostname="MacBook-Pro.local" name="com.qa.ispeakbetter.tests.LibraryPageTest" tests="1" failures="0" timestamp="15 Oct 2020 05:56:23 GMT" time="15.530" errors="0">
  <testcase name="chatWithRobot" time="15.530" classname="com.qa.ispeakbetter.tests.LibraryPageTest"/>
</testsuite> <!-- com.qa.ispeakbetter.tests.LibraryPageTest -->
