<?xml version="1.0" encoding="UTF-8"?>
<!-- Generated by org.testng.reporters.JUnitReportReporter -->
<testsuite skipped="0" hostname="MacBook-Pro.local" name="com.qa.ispeakbetter.tests.LoginPageTest" tests="3" failures="0" timestamp="15 Oct 2020 05:44:46 GMT" time="34.533" errors="0">
  <testcase name="clickToLibraryButton" time="12.770" classname="com.qa.ispeakbetter.tests.LoginPageTest"/>
  <testcase name="verifyRedeemButtonEnabled" time="13.002" classname="com.qa.ispeakbetter.tests.LoginPageTest"/>
  <testcase name="verifyTitle" time="8.761" classname="com.qa.ispeakbetter.tests.LoginPageTest"/>
</testsuite> <!-- com.qa.ispeakbetter.tests.LoginPageTest -->
