<?xml version="1.0" encoding="UTF-8"?>
<!-- Generated by org.testng.reporters.JUnitReportReporter -->
<testsuite skipped="4" hostname="MacBook-Pro.local" name="com.qa.ispeakbetter.tests.HomePageTest" tests="9" failures="0" timestamp="16 Oct 2020 16:01:38 GMT" time="39.260" errors="0">
  <testcase name="fillOutProgram" time="8.509" classname="com.qa.ispeakbetter.tests.HomePageTest"/>
  <testcase name="fillOutProgram" time="7.855" classname="com.qa.ispeakbetter.tests.HomePageTest"/>
  <testcase name="fillOutProgram" time="7.354" classname="com.qa.ispeakbetter.tests.HomePageTest"/>
  <testcase name="fillOutProgram" time="8.025" classname="com.qa.ispeakbetter.tests.HomePageTest"/>
  <testcase name="fillOutProgram" time="7.517" classname="com.qa.ispeakbetter.tests.HomePageTest"/>
  <testcase name="lgin_InvalidTestCase" classname="com.qa.ispeakbetter.tests.HomePageTest">
    <skipped/>
  </testcase> <!-- lgin_InvalidTestCase -->
  <testcase name="verifyUrl" classname="com.qa.ispeakbetter.tests.HomePageTest">
    <skipped/>
  </testcase> <!-- verifyUrl -->
  <testcase name="verifyHomePageTitle" classname="com.qa.ispeakbetter.tests.HomePageTest">
    <skipped/>
  </testcase> <!-- verifyHomePageTitle -->
  <testcase name="doLogin" classname="com.qa.ispeakbetter.tests.HomePageTest">
    <skipped/>
  </testcase> <!-- doLogin -->
</testsuite> <!-- com.qa.ispeakbetter.tests.HomePageTest -->
